[2025-11-06 14:30:12] local.ERROR: filemtime(): stat failed for /Users/maheskanoko/Documents/1. File Project/6. File Desa Wisaa Jehem/website_ppk3/.env {"exception":"[object] (ErrorException(code: 0): filemtime(): stat failed for /Users/maheskanoko/Documents/1. File Project/6. File Desa Wisaa Jehem/website_ppk3/.env at /Users/maheskanoko/Documents/1. File Project/6. File Desa Wisaa Jehem/website_ppk3/vendor/laravel/framework/src/Illuminate/Foundation/Console/ServeCommand.php:102)
[stacktrace]
#0 /Users/maheskanoko/Documents/1. File Project/6. File Desa Wisaa Jehem/website_ppk3/vendor/laravel/framework/src/Illuminate/Foundation/Bootstrap/HandleExceptions.php(255): Illuminate\\Foundation\\Bootstrap\\HandleExceptions->handleError(2, 'filemtime(): st...', '/Users/maheskan...', 102)
#1 [internal function]: Illuminate\\Foundation\\Bootstrap\\HandleExceptions->{closure:Illuminate\\Foundation\\Bootstrap\\HandleExceptions::forwardsTo():254}(2, 'filemtime(): st...', '/Users/maheskan...', 102)
#2 /Users/maheskanoko/Documents/1. File Project/6. File Desa Wisaa Jehem/website_ppk3/vendor/laravel/framework/src/Illuminate/Foundation/Console/ServeCommand.php(102): filemtime('/Users/maheskan...')
#3 /Users/maheskanoko/Documents/1. File Project/6. File Desa Wisaa Jehem/website_ppk3/vendor/laravel/framework/src/Illuminate/Container/BoundMethod.php(36): Illuminate\\Foundation\\Console\\ServeCommand->handle()
#4 /Users/maheskanoko/Documents/1. File Project/6. File Desa Wisaa Jehem/website_ppk3/vendor/laravel/framework/src/Illuminate/Container/Util.php(41): Illuminate\\Container\\BoundMethod::{closure:Illuminate\\Container\\BoundMethod::call():35}()
#5 /Users/maheskanoko/Documents/1. File Project/6. File Desa Wisaa Jehem/website_ppk3/vendor/laravel/framework/src/Illuminate/Container/BoundMethod.php(93): Illuminate\\Container\\Util::unwrapIfClosure(Object(Closure))
#6 /Users/maheskanoko/Documents/1. File Project/6. File Desa Wisaa Jehem/website_ppk3/vendor/laravel/framework/src/Illuminate/Container/BoundMethod.php(35): Illuminate\\Container\\BoundMethod::callBoundMethod(Object(Illuminate\\Foundation\\Application), Array, Object(Closure))
#7 /Users/maheskanoko/Documents/1. File Project/6. File Desa Wisaa Jehem/website_ppk3/vendor/laravel/framework/src/Illuminate/Container/Container.php(662): Illuminate\\Container\\BoundMethod::call(Object(Illuminate\\Foundation\\Application), Array, Array, NULL)
#8 /Users/maheskanoko/Documents/1. File Project/6. File Desa Wisaa Jehem/website_ppk3/vendor/laravel/framework/src/Illuminate/Console/Command.php(211): Illuminate\\Container\\Container->call(Array)
#9 /Users/maheskanoko/Documents/1. File Project/6. File Desa Wisaa Jehem/website_ppk3/vendor/symfony/console/Command/Command.php(326): Illuminate\\Console\\Command->execute(Object(Symfony\\Component\\Console\\Input\\ArgvInput), Object(Illuminate\\Console\\OutputStyle))
#10 /Users/maheskanoko/Documents/1. File Project/6. File Desa Wisaa Jehem/website_ppk3/vendor/laravel/framework/src/Illuminate/Console/Command.php(180): Symfony\\Component\\Console\\Command\\Command->run(Object(Symfony\\Component\\Console\\Input\\ArgvInput), Object(Illuminate\\Console\\OutputStyle))
#11 /Users/maheskanoko/Documents/1. File Project/6. File Desa Wisaa Jehem/website_ppk3/vendor/symfony/console/Application.php(1096): Illuminate\\Console\\Command->run(Object(Symfony\\Component\\Console\\Input\\ArgvInput), Object(Symfony\\Component\\Console\\Output\\ConsoleOutput))
#12 /Users/maheskanoko/Documents/1. File Project/6. File Desa Wisaa Jehem/website_ppk3/vendor/symfony/console/Application.php(324): Symfony\\Component\\Console\\Application->doRunCommand(Object(Illuminate\\Foundation\\Console\\ServeCommand), Object(Symfony\\Component\\Console\\Input\\ArgvInput), Object(Symfony\\Component\\Console\\Output\\ConsoleOutput))
#13 /Users/maheskanoko/Documents/1. File Project/6. File Desa Wisaa Jehem/website_ppk3/vendor/symfony/console/Application.php(175): Symfony\\Component\\Console\\Application->doRun(Object(Symfony\\Component\\Console\\Input\\ArgvInput), Object(Symfony\\Component\\Console\\Output\\ConsoleOutput))
#14 /Users/maheskanoko/Documents/1. File Project/6. File Desa Wisaa Jehem/website_ppk3/vendor/laravel/framework/src/Illuminate/Foundation/Console/Kernel.php(201): Symfony\\Component\\Console\\Application->run(Object(Symfony\\Component\\Console\\Input\\ArgvInput), Object(Symfony\\Component\\Console\\Output\\ConsoleOutput))
#15 /Users/maheskanoko/Documents/1. File Project/6. File Desa Wisaa Jehem/website_ppk3/artisan(35): Illuminate\\Foundation\\Console\\Kernel->handle(Object(Symfony\\Component\\Console\\Input\\ArgvInput), Object(Symfony\\Component\\Console\\Output\\ConsoleOutput))
#16 {main}
"} 
